<?xml version="1.0" encoding="UTF-8"?>
<testsuite name="TestCrudApis" tests="1" skipped="0" failures="0" errors="0" timestamp="2022-10-27T23:22:05" hostname="DESKTOP-SHPRQCB" time="4.178">
  <properties/>
  <testcase name="putTest()" classname="TestCrudApis" time="4.178"/>
  <system-out><![CDATA[Request method:	PUT
Request URI:	https://regres.in/api/users/7
Proxy:			<none>
Request params:	<none>
Query params:	<none>
Form params:	<none>
Path params:	<none>
Headers:		Accept=*/*
				Content-Type=application/json
Cookies:		<none>
Multiparts:		<none>
Body:
"name": "morpheus",
"job": "zion resident"
}
HTTP/1.0 403 Forbidden
Cache-Control: no-cache
Connection: close
Content-Type: text/html

<html>
  <body>
    <h1>403 Forbidden</h1>

Request forbidden by administrative rules.
  </body>
</html>
]]></system-out>
  <system-err><![CDATA[]]></system-err>
</testsuite>
